[2024-07-03T23:22:07.570+0000] {local_task_job_runner.py:120} INFO - ::group::Pre task execution logs
[2024-07-03T23:22:07.725+0000] {taskinstance.py:2076} INFO - Dependencies all met for dep_context=non-requeueable deps ti=<TaskInstance: Proyecto_Final_USD_ETL.primera_tarea manual__2024-07-03T23:22:06.144225+00:00 [queued]>
[2024-07-03T23:22:07.731+0000] {taskinstance.py:2076} INFO - Dependencies all met for dep_context=requeueable deps ti=<TaskInstance: Proyecto_Final_USD_ETL.primera_tarea manual__2024-07-03T23:22:06.144225+00:00 [queued]>
[2024-07-03T23:22:07.732+0000] {taskinstance.py:2306} INFO - Starting attempt 1 of 1
[2024-07-03T23:22:07.744+0000] {taskinstance.py:2330} INFO - Executing <Task(BashOperator): primera_tarea> on 2024-07-03 23:22:06.144225+00:00
[2024-07-03T23:22:07.749+0000] {warnings.py:112} WARNING - /home/***/.local/lib/python3.12/site-packages/***/task/task_runner/standard_task_runner.py:61: DeprecationWarning: This process (pid=533) is multi-threaded, use of fork() may lead to deadlocks in the child.
  pid = os.fork()

[2024-07-03T23:22:07.750+0000] {standard_task_runner.py:63} INFO - Started process 535 to run task
[2024-07-03T23:22:07.751+0000] {standard_task_runner.py:90} INFO - Running: ['***', 'tasks', 'run', 'Proyecto_Final_USD_ETL', 'primera_tarea', 'manual__2024-07-03T23:22:06.144225+00:00', '--job-id', '90', '--raw', '--subdir', 'DAGS_FOLDER/ETL_USD.py', '--cfg-path', '/tmp/tmp4b083p64']
[2024-07-03T23:22:07.754+0000] {standard_task_runner.py:91} INFO - Job 90: Subtask primera_tarea
[2024-07-03T23:22:07.786+0000] {task_command.py:426} INFO - Running <TaskInstance: Proyecto_Final_USD_ETL.primera_tarea manual__2024-07-03T23:22:06.144225+00:00 [running]> on host 5a0cf2cc04d9
[2024-07-03T23:22:07.844+0000] {taskinstance.py:2648} INFO - Exporting env vars: AIRFLOW_CTX_DAG_OWNER='***' AIRFLOW_CTX_DAG_ID='Proyecto_Final_USD_ETL' AIRFLOW_CTX_TASK_ID='primera_tarea' AIRFLOW_CTX_EXECUTION_DATE='2024-07-03T23:22:06.144225+00:00' AIRFLOW_CTX_TRY_NUMBER='1' AIRFLOW_CTX_DAG_RUN_ID='manual__2024-07-03T23:22:06.144225+00:00'
[2024-07-03T23:22:07.845+0000] {taskinstance.py:430} INFO - ::endgroup::
[2024-07-03T23:22:07.854+0000] {subprocess.py:63} INFO - Tmp dir root location: /tmp
[2024-07-03T23:22:07.855+0000] {subprocess.py:75} INFO - Running command: ['/usr/bin/bash', '-c', 'echo Iniciando...']
[2024-07-03T23:22:07.862+0000] {subprocess.py:86} INFO - Output:
[2024-07-03T23:22:07.863+0000] {subprocess.py:93} INFO - Iniciando...
[2024-07-03T23:22:07.864+0000] {subprocess.py:97} INFO - Command exited with return code 0
[2024-07-03T23:22:07.864+0000] {taskinstance.py:441} INFO - ::group::Post task execution logs
[2024-07-03T23:22:07.882+0000] {taskinstance.py:1206} INFO - Marking task as SUCCESS. dag_id=Proyecto_Final_USD_ETL, task_id=primera_tarea, run_id=manual__2024-07-03T23:22:06.144225+00:00, execution_date=20240703T232206, start_date=20240703T232207, end_date=20240703T232207
[2024-07-03T23:22:07.923+0000] {local_task_job_runner.py:240} INFO - Task exited with return code 0
[2024-07-03T23:22:07.943+0000] {taskinstance.py:3503} INFO - 1 downstream tasks scheduled from follow-on schedule check
[2024-07-03T23:22:07.947+0000] {local_task_job_runner.py:222} INFO - ::endgroup::
