[2024-07-03T23:25:41.725+0000] {local_task_job_runner.py:120} INFO - ::group::Pre task execution logs
[2024-07-03T23:25:41.879+0000] {taskinstance.py:2076} INFO - Dependencies all met for dep_context=non-requeueable deps ti=<TaskInstance: Proyecto_Final_USD_ETL.download_data manual__2024-07-03T23:25:39.797530+00:00 [queued]>
[2024-07-03T23:25:41.886+0000] {taskinstance.py:2076} INFO - Dependencies all met for dep_context=requeueable deps ti=<TaskInstance: Proyecto_Final_USD_ETL.download_data manual__2024-07-03T23:25:39.797530+00:00 [queued]>
[2024-07-03T23:25:41.887+0000] {taskinstance.py:2306} INFO - Starting attempt 1 of 6
[2024-07-03T23:25:41.899+0000] {taskinstance.py:2330} INFO - Executing <Task(PythonOperator): download_data> on 2024-07-03 23:25:39.797530+00:00
[2024-07-03T23:25:41.904+0000] {warnings.py:112} WARNING - /home/***/.local/lib/python3.12/site-packages/***/task/task_runner/standard_task_runner.py:61: DeprecationWarning: This process (pid=593) is multi-threaded, use of fork() may lead to deadlocks in the child.
  pid = os.fork()

[2024-07-03T23:25:41.905+0000] {standard_task_runner.py:63} INFO - Started process 595 to run task
[2024-07-03T23:25:41.905+0000] {standard_task_runner.py:90} INFO - Running: ['***', 'tasks', 'run', 'Proyecto_Final_USD_ETL', 'download_data', 'manual__2024-07-03T23:25:39.797530+00:00', '--job-id', '95', '--raw', '--subdir', 'DAGS_FOLDER/ETL_USD.py', '--cfg-path', '/tmp/tmpduot4awt']
[2024-07-03T23:25:41.906+0000] {standard_task_runner.py:91} INFO - Job 95: Subtask download_data
[2024-07-03T23:25:41.982+0000] {task_command.py:426} INFO - Running <TaskInstance: Proyecto_Final_USD_ETL.download_data manual__2024-07-03T23:25:39.797530+00:00 [running]> on host 5a0cf2cc04d9
[2024-07-03T23:25:42.072+0000] {taskinstance.py:2648} INFO - Exporting env vars: AIRFLOW_CTX_DAG_OWNER='gabor' AIRFLOW_CTX_DAG_ID='Proyecto_Final_USD_ETL' AIRFLOW_CTX_TASK_ID='download_data' AIRFLOW_CTX_EXECUTION_DATE='2024-07-03T23:25:39.797530+00:00' AIRFLOW_CTX_TRY_NUMBER='1' AIRFLOW_CTX_DAG_RUN_ID='manual__2024-07-03T23:25:39.797530+00:00'
[2024-07-03T23:25:42.075+0000] {taskinstance.py:430} INFO - ::endgroup::
[2024-07-03T23:25:43.357+0000] {logging_mixin.py:188} INFO - Connected to Redshift successfully!
[2024-07-03T23:25:43.524+0000] {ETL_USD.py:73} INFO - <class 'pandas.core.frame.DataFrame'>
RangeIndex: 7 entries, 0 to 6
Data columns (total 6 columns):
 #   Column              Non-Null Count  Dtype  
---  ------              --------------  -----  
 0   moneda              7 non-null      object 
 1   casa                7 non-null      object 
 2   nombre              7 non-null      object 
 3   compra              7 non-null      float64
 4   venta               7 non-null      float64
 5   fechaActualizacion  7 non-null      object 
dtypes: float64(2), object(4)
memory usage: 468.0+ bytes

[2024-07-03T23:25:43.524+0000] {ETL_USD.py:74} INFO - Data created
[2024-07-03T23:25:43.530+0000] {warnings.py:112} WARNING - /opt/***/dags/ETL_USD.py:90: UserWarning: pandas only supports SQLAlchemy connectable (engine/connection) or database string URI or sqlite3 DBAPI2 connection. Other DBAPI2 objects are not tested. Please consider using SQLAlchemy.
  redshift_ids = pd.read_sql(redshift_ids_query, con=conn)

[2024-07-03T23:25:43.883+0000] {logging_mixin.py:188} INFO - No new data to upload. All IDs are already in the table.
[2024-07-03T23:25:43.885+0000] {python.py:237} INFO - Done. Returned value was: None
[2024-07-03T23:25:43.886+0000] {taskinstance.py:441} INFO - ::group::Post task execution logs
[2024-07-03T23:25:43.892+0000] {taskinstance.py:1206} INFO - Marking task as SUCCESS. dag_id=Proyecto_Final_USD_ETL, task_id=download_data, run_id=manual__2024-07-03T23:25:39.797530+00:00, execution_date=20240703T232539, start_date=20240703T232541, end_date=20240703T232543
[2024-07-03T23:25:43.924+0000] {local_task_job_runner.py:240} INFO - Task exited with return code 0
[2024-07-03T23:25:43.938+0000] {taskinstance.py:3503} INFO - 1 downstream tasks scheduled from follow-on schedule check
[2024-07-03T23:25:43.941+0000] {local_task_job_runner.py:222} INFO - ::endgroup::
