[2024-07-03T22:16:23.082+0000] {manager.py:470} INFO - Processing files using up to 2 processes at a time 
[2024-07-03T22:16:23.083+0000] {manager.py:471} INFO - Process each file at most once every 30 seconds
[2024-07-03T22:16:23.084+0000] {manager.py:472} INFO - Checking for new files in /opt/airflow/dags every 300 seconds
[2024-07-03T22:16:23.085+0000] {manager.py:737} INFO - Searching for files in /opt/airflow/dags
[2024-07-03T22:16:23.099+0000] {manager.py:740} INFO - There are 1 files in /opt/airflow/dags
[2024-07-03T22:16:23.393+0000] {manager.py:878} INFO - 
================================================================================
DAG File Processing Stats

File Path                       PID  Runtime      # DAGs    # Errors  Last Runtime    Last Run
----------------------------  -----  ---------  --------  ----------  --------------  ----------
/opt/airflow/dags/ETL_USD.py     41  0.22s             0           0
================================================================================
[2024-07-03T22:16:53.521+0000] {manager.py:878} INFO - 
================================================================================
DAG File Processing Stats

File Path                     PID    Runtime      # DAGs    # Errors  Last Runtime    Last Run
----------------------------  -----  ---------  --------  ----------  --------------  -------------------
/opt/airflow/dags/ETL_USD.py                           0           1  0.43s           2024-07-03T22:16:23
================================================================================
[2024-07-03T22:17:23.986+0000] {manager.py:878} INFO - 
================================================================================
DAG File Processing Stats

File Path                       PID  Runtime      # DAGs    # Errors  Last Runtime    Last Run
----------------------------  -----  ---------  --------  ----------  --------------  -------------------
/opt/airflow/dags/ETL_USD.py     55  0.02s             0           1  0.16s           2024-07-03T22:16:53
================================================================================
[2024-07-03T22:17:54.205+0000] {manager.py:878} INFO - 
================================================================================
DAG File Processing Stats

File Path                     PID    Runtime      # DAGs    # Errors  Last Runtime    Last Run
----------------------------  -----  ---------  --------  ----------  --------------  -------------------
/opt/airflow/dags/ETL_USD.py                           0           1  0.35s           2024-07-03T22:17:24
================================================================================
[2024-07-03T22:18:15.584+0000] {manager.py:452} INFO - Exiting gracefully upon receiving signal 15
[2024-07-03T22:20:33.005+0000] {manager.py:470} INFO - Processing files using up to 2 processes at a time 
[2024-07-03T22:20:33.007+0000] {manager.py:471} INFO - Process each file at most once every 30 seconds
[2024-07-03T22:20:33.008+0000] {manager.py:472} INFO - Checking for new files in /opt/airflow/dags every 300 seconds
[2024-07-03T22:20:33.009+0000] {manager.py:737} INFO - Searching for files in /opt/airflow/dags
[2024-07-03T22:20:33.144+0000] {manager.py:740} INFO - There are 1 files in /opt/airflow/dags
[2024-07-03T22:20:34.328+0000] {manager.py:878} INFO - 
================================================================================
DAG File Processing Stats

File Path                     PID    Runtime      # DAGs    # Errors  Last Runtime    Last Run
----------------------------  -----  ---------  --------  ----------  --------------  -------------------
/opt/airflow/dags/ETL_USD.py                           0           1  0.60s           2024-07-03T22:20:34
================================================================================
[2024-07-03T22:21:04.893+0000] {manager.py:878} INFO - 
================================================================================
DAG File Processing Stats

File Path                       PID  Runtime      # DAGs    # Errors  Last Runtime    Last Run
----------------------------  -----  ---------  --------  ----------  --------------  -------------------
/opt/airflow/dags/ETL_USD.py     40  0.05s             0           1  0.60s           2024-07-03T22:20:34
================================================================================
[2024-07-03T22:21:35.351+0000] {manager.py:878} INFO - 
================================================================================
DAG File Processing Stats

File Path                     PID    Runtime      # DAGs    # Errors  Last Runtime    Last Run
----------------------------  -----  ---------  --------  ----------  --------------  -------------------
/opt/airflow/dags/ETL_USD.py                           0           1  0.65s           2024-07-03T22:21:05
================================================================================
[2024-07-03T22:22:05.920+0000] {manager.py:878} INFO - 
================================================================================
DAG File Processing Stats

File Path                       PID  Runtime      # DAGs    # Errors  Last Runtime    Last Run
----------------------------  -----  ---------  --------  ----------  --------------  -------------------
/opt/airflow/dags/ETL_USD.py     55  0.02s             0           1  0.18s           2024-07-03T22:21:35
================================================================================
[2024-07-03T22:22:36.135+0000] {manager.py:878} INFO - 
================================================================================
DAG File Processing Stats

File Path                     PID    Runtime      # DAGs    # Errors  Last Runtime    Last Run
----------------------------  -----  ---------  --------  ----------  --------------  -------------------
/opt/airflow/dags/ETL_USD.py                           0           1  0.40s           2024-07-03T22:22:06
================================================================================
[2024-07-03T22:23:06.571+0000] {manager.py:878} INFO - 
================================================================================
DAG File Processing Stats

File Path                     PID    Runtime      # DAGs    # Errors  Last Runtime    Last Run
----------------------------  -----  ---------  --------  ----------  --------------  -------------------
/opt/airflow/dags/ETL_USD.py                           0           1  0.21s           2024-07-03T22:22:36
================================================================================
[2024-07-03T22:23:36.989+0000] {manager.py:878} INFO - 
================================================================================
DAG File Processing Stats

File Path                       PID  Runtime      # DAGs    # Errors  Last Runtime    Last Run
----------------------------  -----  ---------  --------  ----------  --------------  -------------------
/opt/airflow/dags/ETL_USD.py     76  0.05s             0           1  0.05s           2024-07-03T22:23:06
================================================================================
[2024-07-03T22:24:07.129+0000] {manager.py:878} INFO - 
================================================================================
DAG File Processing Stats

File Path                     PID    Runtime      # DAGs    # Errors  Last Runtime    Last Run
----------------------------  -----  ---------  --------  ----------  --------------  -------------------
/opt/airflow/dags/ETL_USD.py                           0           1  0.21s           2024-07-03T22:23:37
================================================================================
[2024-07-03T22:24:37.402+0000] {manager.py:878} INFO - 
================================================================================
DAG File Processing Stats

File Path                       PID  Runtime      # DAGs    # Errors  Last Runtime    Last Run
----------------------------  -----  ---------  --------  ----------  --------------  -------------------
/opt/airflow/dags/ETL_USD.py     90  0.00s             0           1  0.05s           2024-07-03T22:24:07
================================================================================
[2024-07-03T22:25:07.548+0000] {manager.py:878} INFO - 
================================================================================
DAG File Processing Stats

File Path                       PID  Runtime      # DAGs    # Errors  Last Runtime    Last Run
----------------------------  -----  ---------  --------  ----------  --------------  -------------------
/opt/airflow/dags/ETL_USD.py     97  0.00s             0           1  0.04s           2024-07-03T22:24:37
================================================================================
[2024-07-03T22:25:14.859+0000] {manager.py:452} INFO - Exiting gracefully upon receiving signal 15
[2024-07-03T22:26:50.509+0000] {manager.py:470} INFO - Processing files using up to 2 processes at a time 
[2024-07-03T22:26:50.511+0000] {manager.py:471} INFO - Process each file at most once every 30 seconds
[2024-07-03T22:26:50.512+0000] {manager.py:472} INFO - Checking for new files in /opt/airflow/dags every 300 seconds
[2024-07-03T22:26:50.513+0000] {manager.py:737} INFO - Searching for files in /opt/airflow/dags
[2024-07-03T22:26:50.529+0000] {manager.py:740} INFO - There are 1 files in /opt/airflow/dags
[2024-07-03T22:26:50.652+0000] {manager.py:878} INFO - 
================================================================================
DAG File Processing Stats

File Path                       PID  Runtime      # DAGs    # Errors  Last Runtime    Last Run
----------------------------  -----  ---------  --------  ----------  --------------  ----------
/opt/airflow/dags/ETL_USD.py     35  0.05s             0           0
================================================================================
[2024-07-03T22:27:21.091+0000] {manager.py:878} INFO - 
================================================================================
DAG File Processing Stats

File Path                       PID  Runtime      # DAGs    # Errors  Last Runtime    Last Run
----------------------------  -----  ---------  --------  ----------  --------------  -------------------
/opt/airflow/dags/ETL_USD.py     42  0.02s             0           1  0.14s           2024-07-03T22:26:50
================================================================================
[2024-07-03T22:27:51.379+0000] {manager.py:878} INFO - 
================================================================================
DAG File Processing Stats

File Path                     PID    Runtime      # DAGs    # Errors  Last Runtime    Last Run
----------------------------  -----  ---------  --------  ----------  --------------  -------------------
/opt/airflow/dags/ETL_USD.py                           0           1  0.58s           2024-07-03T22:27:21
================================================================================
[2024-07-03T22:28:21.798+0000] {manager.py:878} INFO - 
================================================================================
DAG File Processing Stats

File Path                     PID    Runtime      # DAGs    # Errors  Last Runtime    Last Run
----------------------------  -----  ---------  --------  ----------  --------------  -------------------
/opt/airflow/dags/ETL_USD.py                           0           1  1.84s           2024-07-03T22:27:54
================================================================================
[2024-07-03T22:28:52.396+0000] {manager.py:878} INFO - 
================================================================================
DAG File Processing Stats

File Path                     PID    Runtime      # DAGs    # Errors  Last Runtime    Last Run
----------------------------  -----  ---------  --------  ----------  --------------  -------------------
/opt/airflow/dags/ETL_USD.py                           0           1  1.93s           2024-07-03T22:28:26
================================================================================
[2024-07-03T22:50:21.015+0000] {manager.py:470} INFO - Processing files using up to 2 processes at a time 
[2024-07-03T22:50:21.016+0000] {manager.py:471} INFO - Process each file at most once every 30 seconds
[2024-07-03T22:50:21.017+0000] {manager.py:472} INFO - Checking for new files in /opt/airflow/dags every 300 seconds
[2024-07-03T22:50:21.018+0000] {manager.py:737} INFO - Searching for files in /opt/airflow/dags
[2024-07-03T22:50:21.044+0000] {manager.py:740} INFO - There are 1 files in /opt/airflow/dags
[2024-07-03T22:50:21.113+0000] {manager.py:878} INFO - 
================================================================================
DAG File Processing Stats

File Path                       PID  Runtime      # DAGs    # Errors  Last Runtime    Last Run
----------------------------  -----  ---------  --------  ----------  --------------  ----------
/opt/airflow/dags/ETL_USD.py     35  0.03s             0           0
================================================================================
[2024-07-03T22:50:37.039+0000] {manager.py:452} INFO - Exiting gracefully upon receiving signal 15
[2024-07-03T22:50:47.657+0000] {manager.py:470} INFO - Processing files using up to 2 processes at a time 
[2024-07-03T22:50:47.658+0000] {manager.py:471} INFO - Process each file at most once every 30 seconds
[2024-07-03T22:50:47.659+0000] {manager.py:472} INFO - Checking for new files in /opt/airflow/dags every 300 seconds
[2024-07-03T22:50:47.660+0000] {manager.py:737} INFO - Searching for files in /opt/airflow/dags
[2024-07-03T22:50:47.673+0000] {manager.py:740} INFO - There are 1 files in /opt/airflow/dags
[2024-07-03T22:50:47.724+0000] {manager.py:878} INFO - 
================================================================================
DAG File Processing Stats

File Path                       PID  Runtime      # DAGs    # Errors  Last Runtime    Last Run
----------------------------  -----  ---------  --------  ----------  --------------  ----------
/opt/airflow/dags/ETL_USD.py     34  0.02s             0           0
================================================================================
[2024-07-03T22:51:17.844+0000] {manager.py:878} INFO - 
================================================================================
DAG File Processing Stats

File Path                     PID    Runtime      # DAGs    # Errors  Last Runtime    Last Run
----------------------------  -----  ---------  --------  ----------  --------------  -------------------
/opt/airflow/dags/ETL_USD.py                           0           1  0.26s           2024-07-03T22:50:47
================================================================================
[2024-07-03T22:51:48.594+0000] {manager.py:878} INFO - 
================================================================================
DAG File Processing Stats

File Path                     PID    Runtime      # DAGs    # Errors  Last Runtime    Last Run
----------------------------  -----  ---------  --------  ----------  --------------  -------------------
/opt/airflow/dags/ETL_USD.py                           0           1  0.40s           2024-07-03T22:51:39
================================================================================
[2024-07-03T22:52:18.734+0000] {manager.py:878} INFO - 
================================================================================
DAG File Processing Stats

File Path                     PID    Runtime      # DAGs    # Errors  Last Runtime    Last Run
----------------------------  -----  ---------  --------  ----------  --------------  -------------------
/opt/airflow/dags/ETL_USD.py                           0           1  0.27s           2024-07-03T22:52:09
================================================================================
[2024-07-03T22:52:49.119+0000] {manager.py:878} INFO - 
================================================================================
DAG File Processing Stats

File Path                     PID    Runtime      # DAGs    # Errors  Last Runtime    Last Run
----------------------------  -----  ---------  --------  ----------  --------------  -------------------
/opt/airflow/dags/ETL_USD.py                           1           0  0.59s           2024-07-03T22:52:31
================================================================================
[2024-07-03T22:53:19.235+0000] {manager.py:878} INFO - 
================================================================================
DAG File Processing Stats

File Path                     PID    Runtime      # DAGs    # Errors  Last Runtime    Last Run
----------------------------  -----  ---------  --------  ----------  --------------  -------------------
/opt/airflow/dags/ETL_USD.py                           1           0  0.44s           2024-07-03T22:53:02
================================================================================
[2024-07-03T22:53:49.369+0000] {manager.py:878} INFO - 
================================================================================
DAG File Processing Stats

File Path                     PID    Runtime      # DAGs    # Errors  Last Runtime    Last Run
----------------------------  -----  ---------  --------  ----------  --------------  -------------------
/opt/airflow/dags/ETL_USD.py                           1           0  0.44s           2024-07-03T22:53:32
================================================================================
[2024-07-03T22:54:19.383+0000] {manager.py:878} INFO - 
================================================================================
DAG File Processing Stats

File Path                     PID    Runtime      # DAGs    # Errors  Last Runtime    Last Run
----------------------------  -----  ---------  --------  ----------  --------------  -------------------
/opt/airflow/dags/ETL_USD.py                           1           0  0.47s           2024-07-03T22:54:03
================================================================================
[2024-07-03T22:54:49.509+0000] {manager.py:878} INFO - 
================================================================================
DAG File Processing Stats

File Path                     PID    Runtime      # DAGs    # Errors  Last Runtime    Last Run
----------------------------  -----  ---------  --------  ----------  --------------  -------------------
/opt/airflow/dags/ETL_USD.py                           1           0  0.43s           2024-07-03T22:54:33
================================================================================
[2024-07-03T22:55:20.052+0000] {manager.py:878} INFO - 
================================================================================
DAG File Processing Stats

File Path                     PID    Runtime      # DAGs    # Errors  Last Runtime    Last Run
----------------------------  -----  ---------  --------  ----------  --------------  -------------------
/opt/airflow/dags/ETL_USD.py                           1           0  0.41s           2024-07-03T22:55:04
================================================================================
[2024-07-03T22:55:47.975+0000] {manager.py:737} INFO - Searching for files in /opt/airflow/dags
[2024-07-03T22:55:47.987+0000] {manager.py:740} INFO - There are 1 files in /opt/airflow/dags
[2024-07-03T22:55:50.580+0000] {manager.py:878} INFO - 
================================================================================
DAG File Processing Stats

File Path                     PID    Runtime      # DAGs    # Errors  Last Runtime    Last Run
----------------------------  -----  ---------  --------  ----------  --------------  -------------------
/opt/airflow/dags/ETL_USD.py                           1           0  0.41s           2024-07-03T22:55:34
================================================================================
[2024-07-03T22:56:21.125+0000] {manager.py:878} INFO - 
================================================================================
DAG File Processing Stats

File Path                     PID    Runtime      # DAGs    # Errors  Last Runtime    Last Run
----------------------------  -----  ---------  --------  ----------  --------------  -------------------
/opt/airflow/dags/ETL_USD.py                           1           0  0.51s           2024-07-03T22:56:01
================================================================================
[2024-07-03T22:56:51.331+0000] {manager.py:878} INFO - 
================================================================================
DAG File Processing Stats

File Path                     PID    Runtime      # DAGs    # Errors  Last Runtime    Last Run
----------------------------  -----  ---------  --------  ----------  --------------  -------------------
/opt/airflow/dags/ETL_USD.py                           1           0  0.40s           2024-07-03T22:56:31
================================================================================
[2024-07-03T22:57:21.757+0000] {manager.py:878} INFO - 
================================================================================
DAG File Processing Stats

File Path                     PID    Runtime      # DAGs    # Errors  Last Runtime    Last Run
----------------------------  -----  ---------  --------  ----------  --------------  -------------------
/opt/airflow/dags/ETL_USD.py                           1           0  0.42s           2024-07-03T22:57:02
================================================================================
[2024-07-03T22:57:52.286+0000] {manager.py:878} INFO - 
================================================================================
DAG File Processing Stats

File Path                     PID    Runtime      # DAGs    # Errors  Last Runtime    Last Run
----------------------------  -----  ---------  --------  ----------  --------------  -------------------
/opt/airflow/dags/ETL_USD.py                           1           0  0.42s           2024-07-03T22:57:32
================================================================================
[2024-07-03T22:58:22.827+0000] {manager.py:878} INFO - 
================================================================================
DAG File Processing Stats

File Path                     PID    Runtime      # DAGs    # Errors  Last Runtime    Last Run
----------------------------  -----  ---------  --------  ----------  --------------  -------------------
/opt/airflow/dags/ETL_USD.py                           1           0  0.40s           2024-07-03T22:58:03
================================================================================
[2024-07-03T22:58:53.334+0000] {manager.py:878} INFO - 
================================================================================
DAG File Processing Stats

File Path                     PID    Runtime      # DAGs    # Errors  Last Runtime    Last Run
----------------------------  -----  ---------  --------  ----------  --------------  -------------------
/opt/airflow/dags/ETL_USD.py                           1           0  0.39s           2024-07-03T22:58:33
================================================================================
[2024-07-03T22:59:23.836+0000] {manager.py:878} INFO - 
================================================================================
DAG File Processing Stats

File Path                     PID    Runtime      # DAGs    # Errors  Last Runtime    Last Run
----------------------------  -----  ---------  --------  ----------  --------------  -------------------
/opt/airflow/dags/ETL_USD.py                           1           0  0.39s           2024-07-03T22:59:04
================================================================================
[2024-07-03T22:59:54.337+0000] {manager.py:878} INFO - 
================================================================================
DAG File Processing Stats

File Path                     PID    Runtime      # DAGs    # Errors  Last Runtime    Last Run
----------------------------  -----  ---------  --------  ----------  --------------  -------------------
/opt/airflow/dags/ETL_USD.py                           1           0  0.40s           2024-07-03T22:59:34
================================================================================
[2024-07-03T23:00:24.855+0000] {manager.py:878} INFO - 
================================================================================
DAG File Processing Stats

File Path                     PID    Runtime      # DAGs    # Errors  Last Runtime    Last Run
----------------------------  -----  ---------  --------  ----------  --------------  -------------------
/opt/airflow/dags/ETL_USD.py                           1           0  0.42s           2024-07-03T23:00:05
================================================================================
[2024-07-03T23:00:48.367+0000] {manager.py:737} INFO - Searching for files in /opt/airflow/dags
[2024-07-03T23:00:48.379+0000] {manager.py:740} INFO - There are 1 files in /opt/airflow/dags
[2024-07-03T23:00:55.413+0000] {manager.py:878} INFO - 
================================================================================
DAG File Processing Stats

File Path                     PID    Runtime      # DAGs    # Errors  Last Runtime    Last Run
----------------------------  -----  ---------  --------  ----------  --------------  -------------------
/opt/airflow/dags/ETL_USD.py                           1           0  0.44s           2024-07-03T23:00:35
================================================================================
[2024-07-03T23:01:25.945+0000] {manager.py:878} INFO - 
================================================================================
DAG File Processing Stats

File Path                     PID    Runtime      # DAGs    # Errors  Last Runtime    Last Run
----------------------------  -----  ---------  --------  ----------  --------------  -------------------
/opt/airflow/dags/ETL_USD.py                           1           0  0.41s           2024-07-03T23:01:06
================================================================================
[2024-07-03T23:01:56.478+0000] {manager.py:878} INFO - 
================================================================================
DAG File Processing Stats

File Path                     PID    Runtime      # DAGs    # Errors  Last Runtime    Last Run
----------------------------  -----  ---------  --------  ----------  --------------  -------------------
/opt/airflow/dags/ETL_USD.py                           1           0  0.42s           2024-07-03T23:01:36
================================================================================
[2024-07-03T23:02:27.019+0000] {manager.py:878} INFO - 
================================================================================
DAG File Processing Stats

File Path                     PID    Runtime      # DAGs    # Errors  Last Runtime    Last Run
----------------------------  -----  ---------  --------  ----------  --------------  -------------------
/opt/airflow/dags/ETL_USD.py                           1           0  0.42s           2024-07-03T23:02:07
================================================================================
[2024-07-03T23:02:57.542+0000] {manager.py:878} INFO - 
================================================================================
DAG File Processing Stats

File Path                     PID    Runtime      # DAGs    # Errors  Last Runtime    Last Run
----------------------------  -----  ---------  --------  ----------  --------------  -------------------
/opt/airflow/dags/ETL_USD.py                           1           0  0.40s           2024-07-03T23:02:37
================================================================================
[2024-07-03T23:03:28.055+0000] {manager.py:878} INFO - 
================================================================================
DAG File Processing Stats

File Path                     PID    Runtime      # DAGs    # Errors  Last Runtime    Last Run
----------------------------  -----  ---------  --------  ----------  --------------  -------------------
/opt/airflow/dags/ETL_USD.py                           1           0  0.40s           2024-07-03T23:03:08
================================================================================
[2024-07-03T23:03:58.572+0000] {manager.py:878} INFO - 
================================================================================
DAG File Processing Stats

File Path                     PID    Runtime      # DAGs    # Errors  Last Runtime    Last Run
----------------------------  -----  ---------  --------  ----------  --------------  -------------------
/opt/airflow/dags/ETL_USD.py                           1           0  0.41s           2024-07-03T23:03:38
================================================================================
[2024-07-03T23:04:29.105+0000] {manager.py:878} INFO - 
================================================================================
DAG File Processing Stats

File Path                     PID    Runtime      # DAGs    # Errors  Last Runtime    Last Run
----------------------------  -----  ---------  --------  ----------  --------------  -------------------
/opt/airflow/dags/ETL_USD.py                           1           0  0.39s           2024-07-03T23:04:09
================================================================================
[2024-07-03T23:04:59.605+0000] {manager.py:878} INFO - 
================================================================================
DAG File Processing Stats

File Path                     PID    Runtime      # DAGs    # Errors  Last Runtime    Last Run
----------------------------  -----  ---------  --------  ----------  --------------  -------------------
/opt/airflow/dags/ETL_USD.py                           1           0  0.40s           2024-07-03T23:04:39
================================================================================
[2024-07-03T23:05:30.116+0000] {manager.py:878} INFO - 
================================================================================
DAG File Processing Stats

File Path                     PID    Runtime      # DAGs    # Errors  Last Runtime    Last Run
----------------------------  -----  ---------  --------  ----------  --------------  -------------------
/opt/airflow/dags/ETL_USD.py                           1           0  0.41s           2024-07-03T23:05:10
================================================================================
[2024-07-03T23:05:48.607+0000] {manager.py:737} INFO - Searching for files in /opt/airflow/dags
[2024-07-03T23:05:48.619+0000] {manager.py:740} INFO - There are 1 files in /opt/airflow/dags
[2024-07-03T23:06:00.674+0000] {manager.py:878} INFO - 
================================================================================
DAG File Processing Stats

File Path                     PID    Runtime      # DAGs    # Errors  Last Runtime    Last Run
----------------------------  -----  ---------  --------  ----------  --------------  -------------------
/opt/airflow/dags/ETL_USD.py                           1           0  0.39s           2024-07-03T23:05:40
================================================================================
[2024-07-03T23:06:30.697+0000] {manager.py:878} INFO - 
================================================================================
DAG File Processing Stats

File Path                     PID    Runtime      # DAGs    # Errors  Last Runtime    Last Run
----------------------------  -----  ---------  --------  ----------  --------------  -------------------
/opt/airflow/dags/ETL_USD.py                           1           0  0.55s           2024-07-03T23:06:11
================================================================================
[2024-07-03T23:07:01.271+0000] {manager.py:878} INFO - 
================================================================================
DAG File Processing Stats

File Path                     PID    Runtime      # DAGs    # Errors  Last Runtime    Last Run
----------------------------  -----  ---------  --------  ----------  --------------  -------------------
/opt/airflow/dags/ETL_USD.py                           1           0  0.76s           2024-07-03T23:06:42
================================================================================
[2024-07-03T23:07:31.693+0000] {manager.py:878} INFO - 
================================================================================
DAG File Processing Stats

File Path                     PID    Runtime      # DAGs    # Errors  Last Runtime    Last Run
----------------------------  -----  ---------  --------  ----------  --------------  -------------------
/opt/airflow/dags/ETL_USD.py                           1           0  0.43s           2024-07-03T23:07:13
================================================================================
[2024-07-03T23:08:02.239+0000] {manager.py:878} INFO - 
================================================================================
DAG File Processing Stats

File Path                     PID    Runtime      # DAGs    # Errors  Last Runtime    Last Run
----------------------------  -----  ---------  --------  ----------  --------------  -------------------
/opt/airflow/dags/ETL_USD.py                           1           0  0.45s           2024-07-03T23:07:43
================================================================================
[2024-07-03T23:08:32.799+0000] {manager.py:878} INFO - 
================================================================================
DAG File Processing Stats

File Path                     PID    Runtime      # DAGs    # Errors  Last Runtime    Last Run
----------------------------  -----  ---------  --------  ----------  --------------  -------------------
/opt/airflow/dags/ETL_USD.py                           1           0  0.42s           2024-07-03T23:08:14
================================================================================
[2024-07-03T23:09:03.343+0000] {manager.py:878} INFO - 
================================================================================
DAG File Processing Stats

File Path                     PID    Runtime      # DAGs    # Errors  Last Runtime    Last Run
----------------------------  -----  ---------  --------  ----------  --------------  -------------------
/opt/airflow/dags/ETL_USD.py                           1           0  0.46s           2024-07-03T23:08:37
================================================================================
[2024-07-03T23:09:33.488+0000] {manager.py:878} INFO - 
================================================================================
DAG File Processing Stats

File Path                     PID    Runtime      # DAGs    # Errors  Last Runtime    Last Run
----------------------------  -----  ---------  --------  ----------  --------------  -------------------
/opt/airflow/dags/ETL_USD.py                           1           0  0.46s           2024-07-03T23:09:07
================================================================================
[2024-07-03T23:10:04.056+0000] {manager.py:878} INFO - 
================================================================================
DAG File Processing Stats

File Path                       PID  Runtime      # DAGs    # Errors  Last Runtime    Last Run
----------------------------  -----  ---------  --------  ----------  --------------  -------------------
/opt/airflow/dags/ETL_USD.py    341  0.00s             1           0  0.40s           2024-07-03T23:09:38
================================================================================
[2024-07-03T23:10:34.571+0000] {manager.py:878} INFO - 
================================================================================
DAG File Processing Stats

File Path                       PID  Runtime      # DAGs    # Errors  Last Runtime    Last Run
----------------------------  -----  ---------  --------  ----------  --------------  -------------------
/opt/airflow/dags/ETL_USD.py    349  0.00s             1           0  0.41s           2024-07-03T23:10:04
================================================================================
[2024-07-03T23:10:48.629+0000] {manager.py:737} INFO - Searching for files in /opt/airflow/dags
[2024-07-03T23:10:48.641+0000] {manager.py:740} INFO - There are 1 files in /opt/airflow/dags
[2024-07-03T23:11:04.716+0000] {manager.py:878} INFO - 
================================================================================
DAG File Processing Stats

File Path                     PID    Runtime      # DAGs    # Errors  Last Runtime    Last Run
----------------------------  -----  ---------  --------  ----------  --------------  -------------------
/opt/airflow/dags/ETL_USD.py                           1           0  0.44s           2024-07-03T23:10:35
================================================================================
[2024-07-03T23:11:35.245+0000] {manager.py:878} INFO - 
================================================================================
DAG File Processing Stats

File Path                     PID    Runtime      # DAGs    # Errors  Last Runtime    Last Run
----------------------------  -----  ---------  --------  ----------  --------------  -------------------
/opt/airflow/dags/ETL_USD.py                           1           0  0.45s           2024-07-03T23:11:05
================================================================================
[2024-07-03T23:12:05.804+0000] {manager.py:878} INFO - 
================================================================================
DAG File Processing Stats

File Path                     PID    Runtime      # DAGs    # Errors  Last Runtime    Last Run
----------------------------  -----  ---------  --------  ----------  --------------  -------------------
/opt/airflow/dags/ETL_USD.py                           1           0  0.40s           2024-07-03T23:11:36
================================================================================
[2024-07-03T23:12:36.318+0000] {manager.py:878} INFO - 
================================================================================
DAG File Processing Stats

File Path                     PID    Runtime      # DAGs    # Errors  Last Runtime    Last Run
----------------------------  -----  ---------  --------  ----------  --------------  -------------------
/opt/airflow/dags/ETL_USD.py                           1           0  0.43s           2024-07-03T23:12:06
================================================================================
[2024-07-03T23:13:06.862+0000] {manager.py:878} INFO - 
================================================================================
DAG File Processing Stats

File Path                     PID    Runtime      # DAGs    # Errors  Last Runtime    Last Run
----------------------------  -----  ---------  --------  ----------  --------------  -------------------
/opt/airflow/dags/ETL_USD.py                           1           0  0.41s           2024-07-03T23:12:37
================================================================================
[2024-07-03T23:13:36.877+0000] {manager.py:878} INFO - 
================================================================================
DAG File Processing Stats

File Path                     PID    Runtime      # DAGs    # Errors  Last Runtime    Last Run
----------------------------  -----  ---------  --------  ----------  --------------  -------------------
/opt/airflow/dags/ETL_USD.py                           1           0  0.42s           2024-07-03T23:13:31
================================================================================
[2024-07-03T23:14:07.407+0000] {manager.py:878} INFO - 
================================================================================
DAG File Processing Stats

File Path                     PID    Runtime      # DAGs    # Errors  Last Runtime    Last Run
----------------------------  -----  ---------  --------  ----------  --------------  -------------------
/opt/airflow/dags/ETL_USD.py                           1           0  0.42s           2024-07-03T23:14:01
================================================================================
[2024-07-03T23:14:37.934+0000] {manager.py:878} INFO - 
================================================================================
DAG File Processing Stats

File Path                     PID    Runtime      # DAGs    # Errors  Last Runtime    Last Run
----------------------------  -----  ---------  --------  ----------  --------------  -------------------
/opt/airflow/dags/ETL_USD.py                           1           0  0.41s           2024-07-03T23:14:32
================================================================================
[2024-07-03T23:15:08.456+0000] {manager.py:878} INFO - 
================================================================================
DAG File Processing Stats

File Path                     PID    Runtime      # DAGs    # Errors  Last Runtime    Last Run
----------------------------  -----  ---------  --------  ----------  --------------  -------------------
/opt/airflow/dags/ETL_USD.py                           1           0  0.41s           2024-07-03T23:15:02
================================================================================
[2024-07-03T23:15:38.487+0000] {manager.py:878} INFO - 
================================================================================
DAG File Processing Stats

File Path                     PID    Runtime      # DAGs    # Errors  Last Runtime    Last Run
----------------------------  -----  ---------  --------  ----------  --------------  -------------------
/opt/airflow/dags/ETL_USD.py                           1           0  0.52s           2024-07-03T23:15:33
================================================================================
[2024-07-03T23:15:49.010+0000] {manager.py:737} INFO - Searching for files in /opt/airflow/dags
[2024-07-03T23:15:49.021+0000] {manager.py:740} INFO - There are 1 files in /opt/airflow/dags
[2024-07-03T23:16:08.548+0000] {manager.py:878} INFO - 
================================================================================
DAG File Processing Stats

File Path                     PID    Runtime      # DAGs    # Errors  Last Runtime    Last Run
----------------------------  -----  ---------  --------  ----------  --------------  -------------------
/opt/airflow/dags/ETL_USD.py                           1           0  0.44s           2024-07-03T23:15:58
================================================================================
[2024-07-03T23:16:38.664+0000] {manager.py:878} INFO - 
================================================================================
DAG File Processing Stats

File Path                     PID    Runtime      # DAGs    # Errors  Last Runtime    Last Run
----------------------------  -----  ---------  --------  ----------  --------------  -------------------
/opt/airflow/dags/ETL_USD.py                           1           0  0.42s           2024-07-03T23:16:29
================================================================================
[2024-07-03T23:17:09.215+0000] {manager.py:878} INFO - 
================================================================================
DAG File Processing Stats

File Path                     PID    Runtime      # DAGs    # Errors  Last Runtime    Last Run
----------------------------  -----  ---------  --------  ----------  --------------  -------------------
/opt/airflow/dags/ETL_USD.py                           1           0  0.42s           2024-07-03T23:16:59
================================================================================
[2024-07-03T23:17:39.739+0000] {manager.py:878} INFO - 
================================================================================
DAG File Processing Stats

File Path                     PID    Runtime      # DAGs    # Errors  Last Runtime    Last Run
----------------------------  -----  ---------  --------  ----------  --------------  -------------------
/opt/airflow/dags/ETL_USD.py                           1           0  0.39s           2024-07-03T23:17:30
================================================================================
[2024-07-03T23:18:10.245+0000] {manager.py:878} INFO - 
================================================================================
DAG File Processing Stats

File Path                     PID    Runtime      # DAGs    # Errors  Last Runtime    Last Run
----------------------------  -----  ---------  --------  ----------  --------------  -------------------
/opt/airflow/dags/ETL_USD.py                           1           0  0.39s           2024-07-03T23:18:00
================================================================================
[2024-07-03T23:18:40.762+0000] {manager.py:878} INFO - 
================================================================================
DAG File Processing Stats

File Path                     PID    Runtime      # DAGs    # Errors  Last Runtime    Last Run
----------------------------  -----  ---------  --------  ----------  --------------  -------------------
/opt/airflow/dags/ETL_USD.py                           1           0  0.43s           2024-07-03T23:18:15
================================================================================
[2024-07-03T23:19:10.908+0000] {manager.py:878} INFO - 
================================================================================
DAG File Processing Stats

File Path                     PID    Runtime      # DAGs    # Errors  Last Runtime    Last Run
----------------------------  -----  ---------  --------  ----------  --------------  -------------------
/opt/airflow/dags/ETL_USD.py                           1           0  0.39s           2024-07-03T23:18:46
================================================================================
[2024-07-03T23:19:41.238+0000] {manager.py:878} INFO - 
================================================================================
DAG File Processing Stats

File Path                     PID    Runtime      # DAGs    # Errors  Last Runtime    Last Run
----------------------------  -----  ---------  --------  ----------  --------------  -------------------
/opt/airflow/dags/ETL_USD.py                           1           0  0.44s           2024-07-03T23:19:19
================================================================================
[2024-07-03T23:20:11.362+0000] {manager.py:878} INFO - 
================================================================================
DAG File Processing Stats

File Path                     PID    Runtime      # DAGs    # Errors  Last Runtime    Last Run
----------------------------  -----  ---------  --------  ----------  --------------  -------------------
/opt/airflow/dags/ETL_USD.py                           1           0  0.41s           2024-07-03T23:19:49
================================================================================
[2024-07-03T23:20:41.883+0000] {manager.py:878} INFO - 
================================================================================
DAG File Processing Stats

File Path                     PID    Runtime      # DAGs    # Errors  Last Runtime    Last Run
----------------------------  -----  ---------  --------  ----------  --------------  -------------------
/opt/airflow/dags/ETL_USD.py                           1           0  0.40s           2024-07-03T23:20:20
================================================================================
[2024-07-03T23:20:49.295+0000] {manager.py:737} INFO - Searching for files in /opt/airflow/dags
[2024-07-03T23:20:49.307+0000] {manager.py:740} INFO - There are 1 files in /opt/airflow/dags
[2024-07-03T23:21:12.411+0000] {manager.py:878} INFO - 
================================================================================
DAG File Processing Stats

File Path                     PID    Runtime      # DAGs    # Errors  Last Runtime    Last Run
----------------------------  -----  ---------  --------  ----------  --------------  -------------------
/opt/airflow/dags/ETL_USD.py                           1           0  0.43s           2024-07-03T23:20:50
================================================================================
[2024-07-03T23:21:43.338+0000] {manager.py:878} INFO - 
================================================================================
DAG File Processing Stats

File Path                     PID    Runtime      # DAGs    # Errors  Last Runtime    Last Run
----------------------------  -----  ---------  --------  ----------  --------------  -------------------
/opt/airflow/dags/ETL_USD.py                           1           0  0.41s           2024-07-03T23:21:30
================================================================================
[2024-07-03T23:22:13.884+0000] {manager.py:878} INFO - 
================================================================================
DAG File Processing Stats

File Path                     PID    Runtime      # DAGs    # Errors  Last Runtime    Last Run
----------------------------  -----  ---------  --------  ----------  --------------  -------------------
/opt/airflow/dags/ETL_USD.py                           1           0  0.45s           2024-07-03T23:22:02
================================================================================
[2024-07-03T23:22:44.448+0000] {manager.py:878} INFO - 
================================================================================
DAG File Processing Stats

File Path                     PID    Runtime      # DAGs    # Errors  Last Runtime    Last Run
----------------------------  -----  ---------  --------  ----------  --------------  -------------------
/opt/airflow/dags/ETL_USD.py                           1           0  0.44s           2024-07-03T23:22:32
================================================================================
[2024-07-03T23:23:14.468+0000] {manager.py:878} INFO - 
================================================================================
DAG File Processing Stats

File Path                     PID    Runtime      # DAGs    # Errors  Last Runtime    Last Run
----------------------------  -----  ---------  --------  ----------  --------------  -------------------
/opt/airflow/dags/ETL_USD.py                           1           0  0.47s           2024-07-03T23:23:03
================================================================================
[2024-07-03T23:23:44.505+0000] {manager.py:878} INFO - 
================================================================================
DAG File Processing Stats

File Path                     PID    Runtime      # DAGs    # Errors  Last Runtime    Last Run
----------------------------  -----  ---------  --------  ----------  --------------  -------------------
/opt/airflow/dags/ETL_USD.py                           1           0  0.48s           2024-07-03T23:23:25
================================================================================
[2024-07-03T23:24:14.520+0000] {manager.py:878} INFO - 
================================================================================
DAG File Processing Stats

File Path                     PID    Runtime      # DAGs    # Errors  Last Runtime    Last Run
----------------------------  -----  ---------  --------  ----------  --------------  -------------------
/opt/airflow/dags/ETL_USD.py                           1           0  0.49s           2024-07-03T23:24:05
================================================================================
[2024-07-03T23:24:45.146+0000] {manager.py:878} INFO - 
================================================================================
DAG File Processing Stats

File Path                     PID    Runtime      # DAGs    # Errors  Last Runtime    Last Run
----------------------------  -----  ---------  --------  ----------  --------------  -------------------
/opt/airflow/dags/ETL_USD.py                           1           0  0.59s           2024-07-03T23:24:36
================================================================================
[2024-07-03T23:25:15.692+0000] {manager.py:878} INFO - 
================================================================================
DAG File Processing Stats

File Path                     PID    Runtime      # DAGs    # Errors  Last Runtime    Last Run
----------------------------  -----  ---------  --------  ----------  --------------  -------------------
/opt/airflow/dags/ETL_USD.py                           1           0  0.42s           2024-07-03T23:25:11
================================================================================
[2024-07-03T23:25:45.860+0000] {manager.py:878} INFO - 
================================================================================
DAG File Processing Stats

File Path                     PID    Runtime      # DAGs    # Errors  Last Runtime    Last Run
----------------------------  -----  ---------  --------  ----------  --------------  -------------------
/opt/airflow/dags/ETL_USD.py                           1           0  0.77s           2024-07-03T23:25:42
================================================================================
[2024-07-03T23:25:49.614+0000] {manager.py:737} INFO - Searching for files in /opt/airflow/dags
[2024-07-03T23:25:49.625+0000] {manager.py:740} INFO - There are 1 files in /opt/airflow/dags
[2024-07-03T23:26:08.855+0000] {manager.py:452} INFO - Exiting gracefully upon receiving signal 15
