[2024-07-03T23:25:40.612+0000] {local_task_job_runner.py:120} INFO - ::group::Pre task execution logs
[2024-07-03T23:25:40.784+0000] {taskinstance.py:2076} INFO - Dependencies all met for dep_context=non-requeueable deps ti=<TaskInstance: Proyecto_Final_USD_ETL.primera_tarea manual__2024-07-03T23:25:39.797530+00:00 [queued]>
[2024-07-03T23:25:40.790+0000] {taskinstance.py:2076} INFO - Dependencies all met for dep_context=requeueable deps ti=<TaskInstance: Proyecto_Final_USD_ETL.primera_tarea manual__2024-07-03T23:25:39.797530+00:00 [queued]>
[2024-07-03T23:25:40.791+0000] {taskinstance.py:2306} INFO - Starting attempt 1 of 1
[2024-07-03T23:25:40.801+0000] {taskinstance.py:2330} INFO - Executing <Task(BashOperator): primera_tarea> on 2024-07-03 23:25:39.797530+00:00
[2024-07-03T23:25:40.805+0000] {warnings.py:112} WARNING - /home/***/.local/lib/python3.12/site-packages/***/task/task_runner/standard_task_runner.py:61: DeprecationWarning: This process (pid=589) is multi-threaded, use of fork() may lead to deadlocks in the child.
  pid = os.fork()

[2024-07-03T23:25:40.806+0000] {standard_task_runner.py:63} INFO - Started process 591 to run task
[2024-07-03T23:25:40.807+0000] {standard_task_runner.py:90} INFO - Running: ['***', 'tasks', 'run', 'Proyecto_Final_USD_ETL', 'primera_tarea', 'manual__2024-07-03T23:25:39.797530+00:00', '--job-id', '94', '--raw', '--subdir', 'DAGS_FOLDER/ETL_USD.py', '--cfg-path', '/tmp/tmplm4efd95']
[2024-07-03T23:25:40.808+0000] {standard_task_runner.py:91} INFO - Job 94: Subtask primera_tarea
[2024-07-03T23:25:40.840+0000] {task_command.py:426} INFO - Running <TaskInstance: Proyecto_Final_USD_ETL.primera_tarea manual__2024-07-03T23:25:39.797530+00:00 [running]> on host 5a0cf2cc04d9
[2024-07-03T23:25:40.895+0000] {taskinstance.py:2648} INFO - Exporting env vars: AIRFLOW_CTX_DAG_OWNER='***' AIRFLOW_CTX_DAG_ID='Proyecto_Final_USD_ETL' AIRFLOW_CTX_TASK_ID='primera_tarea' AIRFLOW_CTX_EXECUTION_DATE='2024-07-03T23:25:39.797530+00:00' AIRFLOW_CTX_TRY_NUMBER='1' AIRFLOW_CTX_DAG_RUN_ID='manual__2024-07-03T23:25:39.797530+00:00'
[2024-07-03T23:25:40.895+0000] {taskinstance.py:430} INFO - ::endgroup::
[2024-07-03T23:25:40.904+0000] {subprocess.py:63} INFO - Tmp dir root location: /tmp
[2024-07-03T23:25:40.905+0000] {subprocess.py:75} INFO - Running command: ['/usr/bin/bash', '-c', 'echo Iniciando...']
[2024-07-03T23:25:40.912+0000] {subprocess.py:86} INFO - Output:
[2024-07-03T23:25:40.913+0000] {subprocess.py:93} INFO - Iniciando...
[2024-07-03T23:25:40.914+0000] {subprocess.py:97} INFO - Command exited with return code 0
[2024-07-03T23:25:40.914+0000] {taskinstance.py:441} INFO - ::group::Post task execution logs
[2024-07-03T23:25:40.932+0000] {taskinstance.py:1206} INFO - Marking task as SUCCESS. dag_id=Proyecto_Final_USD_ETL, task_id=primera_tarea, run_id=manual__2024-07-03T23:25:39.797530+00:00, execution_date=20240703T232539, start_date=20240703T232540, end_date=20240703T232540
[2024-07-03T23:25:40.980+0000] {local_task_job_runner.py:240} INFO - Task exited with return code 0
[2024-07-03T23:25:40.997+0000] {taskinstance.py:3503} INFO - 1 downstream tasks scheduled from follow-on schedule check
[2024-07-03T23:25:41.000+0000] {local_task_job_runner.py:222} INFO - ::endgroup::
